

Version:	3.50
CmdLine:	C:\Users\Ronin\Desktop\Educ_Proj\Multi-Storey Buildings and Work\untitled\Multi-Storey Buildings and Work.exe --l4j-debug
JNI:		No
WOW64:		Yes
Working dir:	C:\Users\Ronin\Desktop\Educ_Proj\Multi-Storey Buildings and Work\untitled\.
Requires JDK:	No
Requires 64-Bit: No
Java min ver:	
Java max ver:	
Substitute:	JAVA_HOME = 
Substitute:	PATH = C:\Program Files\Common Files\Oracle\Java\javapath;C:\Program Files (x86)\Common Files\Oracle\Java\javapath;C:\Windows\system32;C:\Windows;C:\Windows\System32\Wbem;C:\Windows\System32\WindowsPowerShell\v1.0\;C:\Windows\System32\OpenSSH\;C:\Program Files (x86)\NVIDIA Corporation\PhysX\Common;C:\Program Files\Git\cmd;C:\Program Files\dotnet\;A:\MatLAB\runtime\win64;A:\MatLAB\bin;C:\Program Files\WireGuard\;C:\Program Files\AmneziaWG\;C:\Program Files\NVIDIA Corporation\NVIDIA App\NvDLISR;C:\Program Files\Java\jdk-24;C:\Users\Ronin\AppData\Local\Programs\Python\Launcher\;C:\Users\Ronin\AppData\Local\Microsoft\WindowsApps;C:\Users\Ronin\.dotnet\tools;C:\Program Files\Java\jdk-24\bin
JRE paths:	;C:\Program Files\Common Files\Oracle\Java\javapath;C:\Program Files (x86)\Common Files\Oracle\Java\javapath;C:\Windows\system32;C:\Windows;C:\Windows\System32\Wbem;C:\Windows\System32\WindowsPowerShell\v1.0\;C:\Windows\System32\OpenSSH\;C:\Program Files (x86)\NVIDIA Corporation\PhysX\Common;C:\Program Files\Git\cmd;C:\Program Files\dotnet\;A:\MatLAB\runtime\win64;A:\MatLAB\bin;C:\Program Files\WireGuard\;C:\Program Files\AmneziaWG\;C:\Program Files\NVIDIA Corporation\NVIDIA App\NvDLISR;C:\Program Files\Java\jdk-24;C:\Users\Ronin\AppData\Local\Programs\Python\Launcher\;C:\Users\Ronin\AppData\Local\Microsoft\WindowsApps;C:\Users\Ronin\.dotnet\tools;C:\Program Files\Java\jdk-24\bin
Check launcher:	C:\Program Files\Common Files\Oracle\Java\javapath\bin\javaw.exe (not found)
Check launcher:	C:\Program Files (x86)\Common Files\Oracle\Java\javapath\bin\javaw.exe (not found)
Check launcher:	C:\Windows\system32\bin\javaw.exe (not found)
Check launcher:	C:\Windows\bin\javaw.exe (not found)
Check launcher:	C:\Windows\System32\Wbem\bin\javaw.exe (not found)
Check launcher:	C:\Windows\System32\WindowsPowerShell\v1.0\bin\javaw.exe (not found)
Check launcher:	C:\Windows\System32\OpenSSH\bin\javaw.exe (not found)
Check launcher:	C:\Program Files (x86)\NVIDIA Corporation\PhysX\Common\bin\javaw.exe (not found)
Check launcher:	C:\Program Files\Git\cmd\bin\javaw.exe (not found)
Check launcher:	C:\Program Files\dotnet\bin\javaw.exe (not found)
Check launcher:	A:\MatLAB\runtime\win64\bin\javaw.exe (not found)
Check launcher:	A:\MatLAB\bin\javaw.exe (not found)
Check launcher:	C:\Program Files\WireGuard\bin\javaw.exe (not found)
Check launcher:	C:\Program Files\AmneziaWG\bin\javaw.exe (not found)
Check launcher:	C:\Program Files\NVIDIA Corporation\NVIDIA App\NvDLISR\bin\javaw.exe (not found)
Check launcher:	C:\Program Files\Java\jdk-24\bin\javaw.exe (OK)
Version string: 1.024.000_001 / 64-Bit (OK)
Launcher:	C:\Program Files\Java\jdk-24\bin\javaw.exe
Launcher args:	-jar "C:\Users\Ronin\Desktop\Educ_Proj\Multi-Storey Buildings and Work\untitled\Multi-Storey Buildings and Work.exe"
Args length:	116/32768 chars
Exit code:	0
